# JRE version: OpenJDK Runtime Environment Corretto-21.0.3.9.1 (21.0.3+9) (build 21.0.3+9-LTS)
# Java VM: OpenJDK 64-Bit Server VM Corretto-21.0.3.9.1 (21.0.3+9-LTS, mixed mode, sharing, tiered, compressed oops, compressed class ptrs, g1 gc, windows-amd64)
GC Precious Log:
 CardTable entry size: 512
 Card Set container configuration: InlinePtr #cards 5 size 8 Array Of Cards #cards 12 size 40 Howl #buckets 4 coarsen threshold 1843 Howl Bitmap #cards 512 size 80 coarsen threshold 460 Card regions per heap region 1 cards per card region 2048
 CPUs: 8 total, 8 available
 Memory: 3929M
 Large Page Support: Disabled
 NUMA Support: Disabled
 Compressed Oops: Enabled (32-bit)
 Heap Region Size: 1M
 Heap Min Capacity: 8M
 Heap Initial Capacity: 62M
 Heap Max Capacity: 984M
 Pre-touch: Disabled
 Parallel Workers: 8
 Concurrent Workers: 2
 Concurrent Refinement Workers: 8
 Periodic GC: Disabled
Heap:
 garbage-first heap   total 60416K, used 35698K [0x00000000c2800000, 0x0000000100000000)
  region size 1024K, 10 young (10240K), 2 survivors (2048K)
 Metaspace       used 71844K, committed 72704K, reserved 1114112K
  class space    used 9685K, committed 10048K, reserved 1048576K
GC Heap History (20 events):
Event: 39147.191 GC heap before
{Heap before GC invocations=56 (full 0):
 garbage-first heap   total 60416K, used 54450K [0x00000000c2800000, 0x0000000100000000)
  region size 1024K, 26 young (26624K), 1 survivors (1024K)
 Metaspace       used 71706K, committed 72512K, reserved 1114112K
  class space    used 9684K, committed 10048K, reserved 1048576K
}
Event: 39147.256 GC heap after
{Heap after GC invocations=57 (full 0):
 garbage-first heap   total 60416K, used 28753K [0x00000000c2800000, 0x0000000100000000)
  region size 1024K, 2 young (2048K), 2 survivors (2048K)
 Metaspace       used 71706K, committed 72512K, reserved 1114112K
  class space    used 9684K, committed 10048K, reserved 1048576K
}
Event: 40414.994 GC heap before
{Heap before GC invocations=57 (full 0):
 garbage-first heap   total 60416K, used 52305K [0x00000000c2800000, 0x0000000100000000)
  region size 1024K, 25 young (25600K), 2 survivors (2048K)
 Metaspace       used 71706K, committed 72512K, reserved 1114112K
  class space    used 9684K, committed 10048K, reserved 1048576K
}
Event: 40415.117 GC heap after
{Heap after GC invocations=58 (full 0):
 garbage-first heap   total 60416K, used 28444K [0x00000000c2800000, 0x0000000100000000)
  region size 1024K, 1 young (1024K), 1 survivors (1024K)
 Metaspace       used 71706K, committed 72512K, reserved 1114112K
  class space    used 9684K, committed 10048K, reserved 1048576K
}
Event: 41568.981 GC heap before
{Heap before GC invocations=59 (full 0):
 garbage-first heap   total 60416K, used 54044K [0x00000000c2800000, 0x0000000100000000)
  region size 1024K, 26 young (26624K), 1 survivors (1024K)
 Metaspace       used 71767K, committed 72576K, reserved 1114112K
  class space    used 9685K, committed 10048K, reserved 1048576K
}
Event: 41569.049 GC heap after
{Heap after GC invocations=60 (full 0):
 garbage-first heap   total 60416K, used 28835K [0x00000000c2800000, 0x0000000100000000)
  region size 1024K, 2 young (2048K), 2 survivors (2048K)
 Metaspace       used 71767K, committed 72576K, reserved 1114112K
  class space    used 9685K, committed 10048K, reserved 1048576K
}
Event: 42633.864 GC heap before
{Heap before GC invocations=60 (full 0):
 garbage-first heap   total 60416K, used 52387K [0x00000000c2800000, 0x0000000100000000)
  region size 1024K, 25 young (25600K), 2 survivors (2048K)
 Metaspace       used 71773K, committed 72576K, reserved 1114112K
  class space    used 9685K, committed 10048K, reserved 1048576K
}
Event: 42633.942 GC heap after
{Heap after GC invocations=61 (full 0):
 garbage-first heap   total 60416K, used 28714K [0x00000000c2800000, 0x0000000100000000)
  region size 1024K, 2 young (2048K), 2 survivors (2048K)
 Metaspace       used 71773K, committed 72576K, reserved 1114112K
  class space    used 9685K, committed 10048K, reserved 1048576K
}
Event: 43953.989 GC heap before
{Heap before GC invocations=61 (full 0):
 garbage-first heap   total 60416K, used 53290K [0x00000000c2800000, 0x0000000100000000)
  region size 1024K, 26 young (26624K), 2 survivors (2048K)
 Metaspace       used 71773K, committed 72576K, reserved 1114112K
  class space    used 9685K, committed 10048K, reserved 1048576K
}
Event: 43954.092 GC heap after
{Heap after GC invocations=62 (full 0):
 garbage-first heap   total 60416K, used 28392K [0x00000000c2800000, 0x0000000100000000)
  region size 1024K, 1 young (1024K), 1 survivors (1024K)
 Metaspace       used 71773K, committed 72576K, reserved 1114112K
  class space    used 9685K, committed 10048K, reserved 1048576K
}
Event: 45121.415 GC heap before
{Heap before GC invocations=63 (full 0):
 garbage-first heap   total 60416K, used 53992K [0x00000000c2800000, 0x0000000100000000)
  region size 1024K, 26 young (26624K), 1 survivors (1024K)
 Metaspace       used 71783K, committed 72576K, reserved 1114112K
  class space    used 9685K, committed 10048K, reserved 1048576K
}
Event: 45121.489 GC heap after
{Heap after GC invocations=64 (full 0):
 garbage-first heap   total 60416K, used 28767K [0x00000000c2800000, 0x0000000100000000)
  region size 1024K, 2 young (2048K), 2 survivors (2048K)
 Metaspace       used 71783K, committed 72576K, reserved 1114112K
  class space    used 9685K, committed 10048K, reserved 1048576K
}
Event: 46187.947 GC heap before
{Heap before GC invocations=64 (full 0):
 garbage-first heap   total 60416K, used 52319K [0x00000000c2800000, 0x0000000100000000)
  region size 1024K, 25 young (25600K), 2 survivors (2048K)
 Metaspace       used 71828K, committed 72704K, reserved 1114112K
  class space    used 9685K, committed 10048K, reserved 1048576K
}
Event: 46188.019 GC heap after
{Heap after GC invocations=65 (full 0):
 garbage-first heap   total 60416K, used 28637K [0x00000000c2800000, 0x0000000100000000)
  region size 1024K, 2 young (2048K), 2 survivors (2048K)
 Metaspace       used 71828K, committed 72704K, reserved 1114112K
  class space    used 9685K, committed 10048K, reserved 1048576K
}
Event: 47515.404 GC heap before
{Heap before GC invocations=65 (full 0):
 garbage-first heap   total 60416K, used 53213K [0x00000000c2800000, 0x0000000100000000)
  region size 1024K, 26 young (26624K), 2 survivors (2048K)
 Metaspace       used 71828K, committed 72704K, reserved 1114112K
  class space    used 9685K, committed 10048K, reserved 1048576K
}
Event: 47515.514 GC heap after
{Heap after GC invocations=66 (full 0):
 garbage-first heap   total 60416K, used 28350K [0x00000000c2800000, 0x0000000100000000)
  region size 1024K, 1 young (1024K), 1 survivors (1024K)
 Metaspace       used 71828K, committed 72704K, reserved 1114112K
  class space    used 9685K, committed 10048K, reserved 1048576K
}
Event: 48735.003 GC heap before
{Heap before GC invocations=67 (full 0):
 garbage-first heap   total 60416K, used 53950K [0x00000000c2800000, 0x0000000100000000)
  region size 1024K, 27 young (27648K), 1 survivors (1024K)
 Metaspace       used 71838K, committed 72704K, reserved 1114112K
  class space    used 9685K, committed 10048K, reserved 1048576K
}
Event: 48735.081 GC heap after
{Heap after GC invocations=68 (full 0):
 garbage-first heap   total 60416K, used 28631K [0x00000000c2800000, 0x0000000100000000)
  region size 1024K, 1 young (1024K), 1 survivors (1024K)
 Metaspace       used 71838K, committed 72704K, reserved 1114112K
  class space    used 9685K, committed 10048K, reserved 1048576K
}
Event: 49968.298 GC heap before
{Heap before GC invocations=68 (full 0):
 garbage-first heap   total 60416K, used 55255K [0x00000000c2800000, 0x0000000100000000)
  region size 1024K, 27 young (27648K), 1 survivors (1024K)
 Metaspace       used 71842K, committed 72704K, reserved 1114112K
  class space    used 9685K, committed 10048K, reserved 1048576K
}
Event: 49968.389 GC heap after
{Heap after GC invocations=69 (full 0):
 garbage-first heap   total 60416K, used 28530K [0x00000000c2800000, 0x0000000100000000)
  region size 1024K, 2 young (2048K), 2 survivors (2048K)
 Metaspace       used 71842K, committed 72704K, reserved 1114112K
  class space    used 9685K, committed 10048K, reserved 1048576K
}

